Temp/gradleOut/launcher/build/outputs/logs/manifest-merger-release-report.txt
-- Merging decision tree log ---
manifest
ADDED from src/main/AndroidManifest.xml:3:1-6:12
INJECTED from src/main/AndroidManifest.xml:3:1-6:12
INJECTED from src/main/AndroidManifest.xml:3:1-6:12
INJECTED from src/main/AndroidManifest.xml:3:1-6:12
MERGED from [:unityLibrary] AndroidManifest.xml:2:1-83:12
MERGED from [:nr_api:] AndroidManifest.xml:2:1-13:12
MERGED from [:nrvirtualcontroller:] AndroidManifest.xml:2:1-11:12
INJECTED from src/main/AndroidManifest.xml:3:1-6:12
INJECTED from src/main/AndroidManifest.xml:3:1-6:12
INJECTED from src/main/AndroidManifest.xml:3:1-6:12
	package
		ADDED from src/main/AndroidManifest.xml:3:70-97
		INJECTED from src/main/AndroidManifest.xml
		INJECTED from src/main/AndroidManifest.xml
	android:versionName
		INJECTED from src/main/AndroidManifest.xml
		ADDED from src/main/AndroidManifest.xml:3:1-6:12
		INJECTED from src/main/AndroidManifest.xml
	xmlns:tools
		ADDED from src/main/AndroidManifest.xml:3:98-144
	android:versionCode
		INJECTED from src/main/AndroidManifest.xml
		ADDED from src/main/AndroidManifest.xml:3:1-6:12
		INJECTED from src/main/AndroidManifest.xml
	xmlns:android
		ADDED from src/main/AndroidManifest.xml:3:11-69
	android:installLocation
		ADDED from src/main/AndroidManifest.xml:3:145-185
supports-screens
ADDED from src/main/AndroidManifest.xml:4:3-163
MERGED from [:unityLibrary] AndroidManifest.xml:14:5-19:40
MERGED from [:unityLibrary] AndroidManifest.xml:14:5-19:40
	android:largeScreens
		ADDED from src/main/AndroidManifest.xml:4:78-105
	android:smallScreens
		ADDED from src/main/AndroidManifest.xml:4:21-48
	android:normalScreens
		ADDED from src/main/AndroidManifest.xml:4:49-77
	android:xlargeScreens
		ADDED from src/main/AndroidManifest.xml:4:106-134
	android:anyDensity
		ADDED from src/main/AndroidManifest.xml:4:135-160
application
ADDED from src/main/AndroidManifest.xml:5:3-83
MERGED from [:unityLibrary] AndroidManifest.xml:45:5-81:19
MERGED from [:unityLibrary] AndroidManifest.xml:45:5-81:19
	android:label
		ADDED from src/main/AndroidManifest.xml:5:16-48
	android:icon
		ADDED from src/main/AndroidManifest.xml:5:49-80
	android:theme
		ADDED from [:unityLibrary] AndroidManifest.xml:48:9-50
uses-sdk
INJECTED from src/main/AndroidManifest.xml reason: use-sdk injection requested
INJECTED from src/main/AndroidManifest.xml
INJECTED from src/main/AndroidManifest.xml
MERGED from [:unityLibrary] AndroidManifest.xml:9:5-12:57
MERGED from [:unityLibrary] AndroidManifest.xml:9:5-12:57
MERGED from [:nr_api:] AndroidManifest.xml:7:5-9:41
MERGED from [:nr_api:] AndroidManifest.xml:7:5-9:41
MERGED from [:nrvirtualcontroller:] AndroidManifest.xml:7:5-9:41
MERGED from [:nrvirtualcontroller:] AndroidManifest.xml:7:5-9:41
INJECTED from src/main/AndroidManifest.xml
INJECTED from src/main/AndroidManifest.xml
	tools:overrideLibrary
		ADDED from [:unityLibrary] AndroidManifest.xml:12:9-54
	android:targetSdkVersion
		INJECTED from src/main/AndroidManifest.xml
		ADDED from src/main/AndroidManifest.xml
		INJECTED from src/main/AndroidManifest.xml
	android:minSdkVersion
		INJECTED from src/main/AndroidManifest.xml
		ADDED from src/main/AndroidManifest.xml
		INJECTED from src/main/AndroidManifest.xml
uses-permission#android.permission.CAMERA
ADDED from [:unityLibrary] AndroidManifest.xml:21:5-65
	android:name
		ADDED from [:unityLibrary] AndroidManifest.xml:21:22-62
uses-permission#android.permission.BLUETOOTH
ADDED from [:unityLibrary] AndroidManifest.xml:22:5-68
	android:name
		ADDED from [:unityLibrary] AndroidManifest.xml:22:22-65
uses-permission#android.permission.BLUETOOTH_ADMIN
ADDED from [:unityLibrary] AndroidManifest.xml:23:5-74
	android:name
		ADDED from [:unityLibrary] AndroidManifest.xml:23:22-71
uses-permission#android.permission.QUERY_ALL_PACKAGES
ADDED from [:unityLibrary] AndroidManifest.xml:24:5-77
	android:name
		ADDED from [:unityLibrary] AndroidManifest.xml:24:22-74
uses-feature#0x00030000
ADDED from [:unityLibrary] AndroidManifest.xml:26:5-54
	android:glEsVersion
		ADDED from [:unityLibrary] AndroidManifest.xml:26:19-51
uses-feature#android.hardware.vulkan.version
ADDED from [:unityLibrary] AndroidManifest.xml:27:5-29:36
	android:required
		ADDED from [:unityLibrary] AndroidManifest.xml:29:9-33
	android:name
		ADDED from [:unityLibrary] AndroidManifest.xml:28:9-55
uses-permission#android.permission.INTERNET
ADDED from [:unityLibrary] AndroidManifest.xml:31:5-67
	android:name
		ADDED from [:unityLibrary] AndroidManifest.xml:31:22-64
uses-permission#android.permission.VIBRATE
ADDED from [:unityLibrary] AndroidManifest.xml:32:5-66
	android:name
		ADDED from [:unityLibrary] AndroidManifest.xml:32:22-63
uses-permission#android.permission.WRITE_EXTERNAL_STORAGE
ADDED from [:unityLibrary] AndroidManifest.xml:33:5-81
	android:name
		ADDED from [:unityLibrary] AndroidManifest.xml:33:22-78
uses-feature#android.hardware.touchscreen
ADDED from [:unityLibrary] AndroidManifest.xml:35:5-37:36
	android:required
		ADDED from [:unityLibrary] AndroidManifest.xml:37:9-33
	android:name
		ADDED from [:unityLibrary] AndroidManifest.xml:36:9-52
uses-feature#android.hardware.touchscreen.multitouch
ADDED from [:unityLibrary] AndroidManifest.xml:38:5-40:36
	android:required
		ADDED from [:unityLibrary] AndroidManifest.xml:40:9-33
	android:name
		ADDED from [:unityLibrary] AndroidManifest.xml:39:9-63
uses-feature#android.hardware.touchscreen.multitouch.distinct
ADDED from [:unityLibrary] AndroidManifest.xml:41:5-43:36
	android:required
		ADDED from [:unityLibrary] AndroidManifest.xml:43:9-33
	android:name
		ADDED from [:unityLibrary] AndroidManifest.xml:42:9-72
activity#com.unity3d.player.UnityPlayerActivity
ADDED from [:unityLibrary] AndroidManifest.xml:49:9-64:20
	android:screenOrientation
		ADDED from [:unityLibrary] AndroidManifest.xml:54:13-49
	android:launchMode
		ADDED from [:unityLibrary] AndroidManifest.xml:53:13-44
	android:hardwareAccelerated
		ADDED from [:unityLibrary] AndroidManifest.xml:52:13-48
	android:configChanges
		ADDED from [:unityLibrary] AndroidManifest.xml:51:13-194
	android:name
		ADDED from [:unityLibrary] AndroidManifest.xml:50:13-66
intent-filter#action:name:android.intent.action.MAIN+category:name:android.intent.category.LAUNCHER
ADDED from [:unityLibrary] AndroidManifest.xml:55:13-59:29
action#android.intent.action.MAIN
ADDED from [:unityLibrary] AndroidManifest.xml:56:17-69
	android:name
		ADDED from [:unityLibrary] AndroidManifest.xml:56:25-66
category#android.intent.category.LAUNCHER
ADDED from [:unityLibrary] AndroidManifest.xml:58:17-77
	android:name
		ADDED from [:unityLibrary] AndroidManifest.xml:58:27-74
meta-data#android.notch_support
ADDED from [:unityLibrary] AndroidManifest.xml:61:13-63:40
	android:value
		ADDED from [:unityLibrary] AndroidManifest.xml:63:17-37
	android:name
		ADDED from [:unityLibrary] AndroidManifest.xml:62:17-53
meta-data#nreal_sdk
ADDED from [:unityLibrary] AndroidManifest.xml:66:9-68:36
	android:value
		ADDED from [:unityLibrary] AndroidManifest.xml:68:13-33
	android:name
		ADDED from [:unityLibrary] AndroidManifest.xml:67:13-37
meta-data#unity.splash-mode
ADDED from [:unityLibrary] AndroidManifest.xml:69:9-71:33
	android:value
		ADDED from [:unityLibrary] AndroidManifest.xml:71:13-30
	android:name
		ADDED from [:unityLibrary] AndroidManifest.xml:70:13-45
meta-data#unity.splash-enable
ADDED from [:unityLibrary] AndroidManifest.xml:72:9-74:36
	android:value
		ADDED from [:unityLibrary] AndroidManifest.xml:74:13-33
	android:name
		ADDED from [:unityLibrary] AndroidManifest.xml:73:13-47
meta-data#notch.config
ADDED from [:unityLibrary] AndroidManifest.xml:75:9-77:50
	android:value
		ADDED from [:unityLibrary] AndroidManifest.xml:77:13-47
	android:name
		ADDED from [:unityLibrary] AndroidManifest.xml:76:13-40
meta-data#unity.build-id
ADDED from [:unityLibrary] AndroidManifest.xml:78:9-80:68
	android:value
		ADDED from [:unityLibrary] AndroidManifest.xml:80:13-65
	android:name
		ADDED from [:unityLibrary] AndroidManifest.xml:79:13-42
uses-permission#ai.nreal.permission.NRSDK
ADDED from [:nr_api:] AndroidManifest.xml:11:5-65
	android:name
		ADDED from [:nr_api:] AndroidManifest.xml:11:22-62